<?xml version="1.0" encoding="UTF-8" ?>
<testsuite errors="0" failures="0" hostname="byah" name="com.lmax.disruptor.collections.HistogramTest" tests="18" time="0.019" timestamp="2011-07-04T10:41:00">
  <properties>
    <property name="dir.test.lib" value="lib/test" />
    <property name="dir.docs" value="target/docs" />
    <property name="java.runtime.name" value="Java(TM) SE Runtime Environment" />
    <property name="sun.boot.library.path" value="/usr/local/jdk1.6.0_26/jre/lib/amd64" />
    <property name="java.vm.version" value="20.1-b02" />
    <property name="ant.library.dir" value="/usr/share/ant/lib" />
    <property name="ant.version" value="Apache Ant version 1.7.1 compiled on April 26 2010" />
    <property name="ant.java.version" value="1.6" />
    <property name="java.vm.vendor" value="Sun Microsystems Inc." />
    <property name="java.vendor.url" value="http://java.sun.com/" />
    <property name="path.separator" value=":" />
    <property name="java.vm.name" value="Java HotSpot(TM) 64-Bit Server VM" />
    <property name="file.encoding.pkg" value="sun.io" />
    <property name="user.country" value="US" />
    <property name="sun.java.launcher" value="SUN_STANDARD" />
    <property name="sun.os.patch.level" value="unknown" />
    <property name="dir.main.src" value="src/main" />
    <property name="java.vm.specification.name" value="Java Virtual Machine Specification" />
    <property name="user.dir" value="/home/timir/capitalk/timir/LMAX/disruptor-read-only/code" />
    <property name="java.runtime.version" value="1.6.0_26-b03" />
    <property name="java.awt.graphicsenv" value="sun.awt.X11GraphicsEnvironment" />
    <property name="basedir" value="/home/timir/capitalk/timir/LMAX/disruptor-read-only/code" />
    <property name="dir.test.src" value="src/test" />
    <property name="java.endorsed.dirs" value="/usr/local/jdk1.6.0_26/jre/lib/endorsed" />
    <property name="os.arch" value="amd64" />
    <property name="dir.perf.src" value="src/perf" />
    <property name="java.io.tmpdir" value="/tmp" />
    <property name="ant.core.lib" value="/usr/share/java/ant-1.7.1.jar" />
    <property name="line.separator" value="
" />
    <property name="java.vm.specification.vendor" value="Sun Microsystems Inc." />
    <property name="os.name" value="Linux" />
    <property name="ant.home" value="/usr/share/ant" />
    <property name="ant.project.name" value="disruptor" />
    <property name="sun.jnu.encoding" value="UTF-8" />
    <property name="java.library.path" value="/usr/local/jdk1.6.0_26/jre/lib/amd64/server:/usr/local/jdk1.6.0_26/jre/lib/amd64:/usr/local/jdk1.6.0_26/jre/../lib/amd64:/usr/local/boost_1_45_0/stage/lib/:/usr/local/atlas/lib::/usr/java/packages/lib/amd64:/usr/lib64:/lib64:/lib:/usr/lib" />
    <property name="java.class.version" value="50.0" />
    <property name="java.specification.name" value="Java Platform API Specification" />
    <property name="dir.dist" value="target/dist" />
    <property name="sun.management.compiler" value="HotSpot 64-Bit Tiered Compilers" />
    <property name="os.version" value="2.6.32-131.0.15.el6.x86_64" />
    <property name="ant.file" value="/home/timir/capitalk/timir/LMAX/disruptor-read-only/code/build.xml" />
    <property name="user.home" value="/home/timir" />
    <property name="user.timezone" value="" />
    <property name="java.awt.printerjob" value="sun.print.PSPrinterJob" />
    <property name="java.specification.version" value="1.6" />
    <property name="file.encoding" value="UTF-8" />
    <property name="java.class.path" value="/usr/share/java/ant.jar:/usr/share/java/ant-launcher.jar:/usr/share/java/jaxp_parser_impl.jar:/usr/share/java/xml-commons-apis.jar:/usr/share/java/antlr.jar:/usr/share/java/ant/ant-antlr.jar:/usr/share/java/bcel.jar:/usr/share/java/ant/ant-apache-bcel.jar:/usr/share/java/bsf.jar:/usr/share/java/ant/ant-apache-bsf.jar:/usr/share/java/log4j.jar:/usr/share/java/ant/ant-apache-log4j.jar:/usr/share/java/oro.jar:/usr/share/java/ant/ant-apache-oro.jar:/usr/share/java/regexp.jar:/usr/share/java/ant/ant-apache-regexp.jar:/usr/share/java/xml-commons-resolver.jar:/usr/share/java/ant/ant-apache-resolver.jar:/usr/share/java/jakarta-commons-logging.jar:/usr/share/java/ant/ant-commons-logging.jar:/usr/share/java/jakarta-commons-net.jar:/usr/share/java/ant/ant-commons-net.jar:/usr/share/java/javamail.jar:/usr/share/java/jaf.jar:/usr/share/java/ant/ant-javamail.jar:/usr/share/java/jdepend.jar:/usr/share/java/ant/ant-jdepend.jar:/usr/share/java/jsch.jar:/usr/share/java/ant/ant-jsch.jar:/usr/share/java/junit.jar:/usr/share/java/ant/ant-junit.jar:/usr/share/java/ant/ant-nodeps.jar:/usr/share/java/ant/ant-swing.jar:/usr/share/java/jaxp_transform_impl.jar:/usr/share/java/ant/ant-trax.jar:/usr/share/java/xalan-j2-serializer.jar:/usr/local/jdk1.6.0_26/lib/tools.jar:/home/timir/.ant/lib/ivy.jar:/usr/share/ant/lib/ant.jar:/usr/share/ant/lib/ant-commons-logging.jar:/usr/share/ant/lib/ant-commons-net.jar:/usr/share/ant/lib/ant-bootstrap.jar:/usr/share/ant/lib/ant-apache-bsf.jar:/usr/share/ant/lib/ant-swing.jar:/usr/share/ant/lib/ant-jsch.jar:/usr/share/ant/lib/ant-nodeps.jar:/usr/share/ant/lib/ant-apache-bcel.jar:/usr/share/ant/lib/ant-junit.jar:/usr/share/ant/lib/ant-antlr.jar:/usr/share/ant/lib/ant-apache-resolver.jar:/usr/share/ant/lib/ant-apache-regexp.jar:/usr/share/ant/lib/ant-trax.jar:/usr/share/ant/lib/ant-launcher.jar:/usr/share/ant/lib/ant-apache-oro.jar:/usr/share/ant/lib/ant-apache-log4j.jar:/usr/share/ant/lib/ant-javamail.jar:/usr/share/ant/lib/ant-jdepend.jar" />
    <property name="user.name" value="timir" />
    <property name="ant.file.disruptor" value="/home/timir/capitalk/timir/LMAX/disruptor-read-only/code/build.xml" />
    <property name="dir.reports" value="target/reports" />
    <property name="java.vm.specification.version" value="1.0" />
    <property name="java.home" value="/usr/local/jdk1.6.0_26/jre" />
    <property name="sun.java.command" value="org.apache.tools.ant.launch.Launcher -cp  test" />
    <property name="sun.arch.data.model" value="64" />
    <property name="user.language" value="en" />
    <property name="java.specification.vendor" value="Sun Microsystems Inc." />
    <property name="java.vm.info" value="mixed mode" />
    <property name="java.version" value="1.6.0_26" />
    <property name="java.ext.dirs" value="/usr/local/jdk1.6.0_26/jre/lib/ext:/usr/java/packages/lib/ext" />
    <property name="sun.boot.class.path" value="/usr/local/jdk1.6.0_26/jre/lib/resources.jar:/usr/local/jdk1.6.0_26/jre/lib/rt.jar:/usr/local/jdk1.6.0_26/jre/lib/sunrsasign.jar:/usr/local/jdk1.6.0_26/jre/lib/jsse.jar:/usr/local/jdk1.6.0_26/jre/lib/jce.jar:/usr/local/jdk1.6.0_26/jre/lib/charsets.jar:/usr/local/jdk1.6.0_26/jre/lib/modules/jdk.boot.jar:/usr/local/jdk1.6.0_26/jre/classes" />
    <property name="java.vendor" value="Sun Microsystems Inc." />
    <property name="file.separator" value="/" />
    <property name="java.vendor.url.bug" value="http://java.sun.com/cgi-bin/bugreport.cgi" />
    <property name="sun.io.unicode.encoding" value="UnicodeLittle" />
    <property name="sun.cpu.endian" value="little" />
    <property name="dir.test.build" value="target/test/classes" />
    <property name="dir.main.build" value="target/main/classes" />
    <property name="sun.cpu.isalist" value="" />
  </properties>
  <testcase classname="com.lmax.disruptor.collections.HistogramTest" name="shouldSizeBasedOnBucketConfiguration" time="0.0030" />
  <testcase classname="com.lmax.disruptor.collections.HistogramTest" name="shouldWalkIntervals" time="0.0" />
  <testcase classname="com.lmax.disruptor.collections.HistogramTest" name="shouldConfirmIntervalsAreInitialised" time="0.0" />
  <testcase classname="com.lmax.disruptor.collections.HistogramTest" name="shouldThrowExceptionWhenIntervalLessThanOrEqualToZero" time="0.0" />
  <testcase classname="com.lmax.disruptor.collections.HistogramTest" name="shouldThrowExceptionWhenIntervalDoNotIncrease" time="0.0010" />
  <testcase classname="com.lmax.disruptor.collections.HistogramTest" name="shouldAddObservation" time="0.0" />
  <testcase classname="com.lmax.disruptor.collections.HistogramTest" name="shouldNotAddObservation" time="0.0" />
  <testcase classname="com.lmax.disruptor.collections.HistogramTest" name="shouldAddObservations" time="0.0" />
  <testcase classname="com.lmax.disruptor.collections.HistogramTest" name="shouldThrowExceptionWhenIntervalsDoNotMatch" time="0.0" />
  <testcase classname="com.lmax.disruptor.collections.HistogramTest" name="shouldClearCounts" time="0.0" />
  <testcase classname="com.lmax.disruptor.collections.HistogramTest" name="shouldCountTotalObservations" time="0.0" />
  <testcase classname="com.lmax.disruptor.collections.HistogramTest" name="shouldGetMeanObservation" time="0.0010" />
  <testcase classname="com.lmax.disruptor.collections.HistogramTest" name="shouldCorrectMeanForSkewInTopAndBottomPopulatedIntervals" time="0.0" />
  <testcase classname="com.lmax.disruptor.collections.HistogramTest" name="shouldGetMaxObservation" time="0.0" />
  <testcase classname="com.lmax.disruptor.collections.HistogramTest" name="shouldGetMinObservation" time="0.0" />
  <testcase classname="com.lmax.disruptor.collections.HistogramTest" name="shouldGetTwoNinesUpperBound" time="0.0010" />
  <testcase classname="com.lmax.disruptor.collections.HistogramTest" name="shouldGetFourNinesUpperBound" time="0.0" />
  <testcase classname="com.lmax.disruptor.collections.HistogramTest" name="shouldToString" time="0.0" />
  <system-out><![CDATA[]]></system-out>
  <system-err><![CDATA[]]></system-err>
</testsuite>
